<?xml version="1.0" encoding="UTF-8"?>
<testng-results skipped="0" failed="0" ignored="0" total="6" passed="6">
  <reporter-output>
  </reporter-output>
  <suite name="TmpSuite" duration-ms="107122" started-at="2017-02-26T01:17:23Z" finished-at="2017-02-26T01:19:10Z">
    <groups>
    </groups>
    <test name="TmpTest" duration-ms="107122" started-at="2017-02-26T01:17:23Z" finished-at="2017-02-26T01:19:10Z">
      <class name="test.failures.ChildTest">
        <test-method status="PASS" signature="childTest()[pri:0, instance:test.failures.ChildTest@1d31475]" name="childTest" duration-ms="87622" started-at="2017-02-26T09:17:23Z" finished-at="2017-02-26T09:18:51Z">
          <reporter-output>
          </reporter-output>
        </test-method> <!-- childTest -->
        <test-method status="PASS" signature="test01()[pri:0, instance:test.failures.ChildTest@1d31475]" name="test01" duration-ms="17932" started-at="2017-02-26T09:18:51Z" finished-at="2017-02-26T09:19:08Z">
          <reporter-output>
          </reporter-output>
        </test-method> <!-- test01 -->
        <test-method status="PASS" signature="test01()[pri:0, instance:test.failures.ChildTest@1d31475]" name="test01" duration-ms="927" started-at="2017-02-26T09:19:08Z" finished-at="2017-02-26T09:19:09Z">
          <reporter-output>
          </reporter-output>
        </test-method> <!-- test01 -->
        <test-method status="PASS" signature="test01()[pri:0, instance:test.failures.ChildTest@1d31475]" name="test01" duration-ms="195" started-at="2017-02-26T09:19:09Z" finished-at="2017-02-26T09:19:10Z">
          <reporter-output>
          </reporter-output>
        </test-method> <!-- test01 -->
        <test-method status="PASS" signature="test01()[pri:0, instance:test.failures.ChildTest@1d31475]" name="test01" duration-ms="180" started-at="2017-02-26T09:19:10Z" finished-at="2017-02-26T09:19:10Z">
          <reporter-output>
          </reporter-output>
        </test-method> <!-- test01 -->
        <test-method status="PASS" signature="test01()[pri:0, instance:test.failures.ChildTest@1d31475]" name="test01" duration-ms="194" started-at="2017-02-26T09:19:10Z" finished-at="2017-02-26T09:19:10Z">
          <reporter-output>
          </reporter-output>
        </test-method> <!-- test01 -->
      </class> <!-- test.failures.ChildTest -->
    </test> <!-- TmpTest -->
  </suite> <!-- TmpSuite -->
</testng-results>
