<?xml version="1.0" encoding="UTF-8"?>
<!-- Generated by org.testng.reporters.JUnitXMLReporter -->
<testsuite hostname="PEI-PC" ignored="0" name="TmpTest" tests="6" failures="0" timestamp="26 二月 2017 01:19:10 GMT" time="107.122" errors="0">
  <testcase name="childTest" time="87.622" classname="test.failures.ChildTest"/>
  <testcase name="test01" time="17.932" classname="test.failures.ChildTest"/>
  <testcase name="test01" time="0.927" classname="test.failures.ChildTest"/>
  <testcase name="test01" time="0.195" classname="test.failures.ChildTest"/>
  <testcase name="test01" time="0.18" classname="test.failures.ChildTest"/>
  <testcase name="test01" time="0.194" classname="test.failures.ChildTest"/>
</testsuite> <!-- TmpTest -->
